[0.015s] Invoking command in '/home/basmala/ros2_ws/build/turtlesim_controller': CMAKE_PREFIX_PATH=${CMAKE_PREFIX_PATH}:/home/basmala/ros2_ws/install/first_package_python:/opt/ros/jazzy DEBUGINFOD_URLS=https://debuginfod.ubuntu.com /usr/bin/cmake --build /home/basmala/ros2_ws/build/turtlesim_controller -- -j20 -l20
[0.055s] -- Found ament_cmake: 2.5.4 (/opt/ros/jazzy/share/ament_cmake/cmake)
[0.437s] -- Found rclcpp: 28.1.12 (/opt/ros/jazzy/share/rclcpp/cmake)
[0.479s] -- Found rosidl_generator_c: 4.6.6 (/opt/ros/jazzy/share/rosidl_generator_c/cmake)
[0.491s] -- Found rosidl_generator_cpp: 4.6.6 (/opt/ros/jazzy/share/rosidl_generator_cpp/cmake)
[0.507s] -- Using all available rosidl_typesupport_c: rosidl_typesupport_fastrtps_c;rosidl_typesupport_introspection_c
[0.529s] -- Using all available rosidl_typesupport_cpp: rosidl_typesupport_fastrtps_cpp;rosidl_typesupport_introspection_cpp
[0.576s] -- Found rmw_implementation_cmake: 7.3.2 (/opt/ros/jazzy/share/rmw_implementation_cmake/cmake)
[0.577s] -- Found rmw_fastrtps_cpp: 8.4.3 (/opt/ros/jazzy/share/rmw_fastrtps_cpp/cmake)
[0.659s] -- Using RMW implementation 'rmw_fastrtps_cpp' as default
[0.768s] -- Found turtlesim: 1.8.3 (/opt/ros/jazzy/share/turtlesim/cmake)
[0.819s] -- Found ament_lint_auto: 0.17.3 (/opt/ros/jazzy/share/ament_lint_auto/cmake)
[0.970s] -- Added test 'cppcheck' to perform static code analysis on C / C++ code
[0.970s] -- Configured cppcheck include dirs: 
[0.971s] -- Configured cppcheck exclude dirs and/or files: 
[0.971s] -- Added test 'lint_cmake' to check CMake code style
[0.972s] -- Added test 'uncrustify' to check C / C++ code style
[0.972s] -- Configured uncrustify additional arguments: 
[0.973s] -- Added test 'xmllint' to check XML markup files
[0.974s] -- Configuring done (0.9s)
[0.989s] -- Generating done (0.0s)
[0.994s] -- Build files have been written to: /home/basmala/ros2_ws/build/turtlesim_controller
[1.076s] [ 50%] [32mBuilding CXX object CMakeFiles/turtle.dir/src/turtlesim_sub.cpp.o[0m
[9.156s] [100%] [32m[1mLinking CXX executable turtle[0m
[9.669s] [100%] Built target turtle
[9.689s] Invoked command in '/home/basmala/ros2_ws/build/turtlesim_controller' returned '0': CMAKE_PREFIX_PATH=${CMAKE_PREFIX_PATH}:/home/basmala/ros2_ws/install/first_package_python:/opt/ros/jazzy DEBUGINFOD_URLS=https://debuginfod.ubuntu.com /usr/bin/cmake --build /home/basmala/ros2_ws/build/turtlesim_controller -- -j20 -l20
[9.705s] Invoking command in '/home/basmala/ros2_ws/build/turtlesim_controller': CMAKE_PREFIX_PATH=${CMAKE_PREFIX_PATH}:/home/basmala/ros2_ws/install/first_package_python:/opt/ros/jazzy DEBUGINFOD_URLS=https://debuginfod.ubuntu.com /usr/bin/cmake --install /home/basmala/ros2_ws/build/turtlesim_controller
[9.720s] -- Install configuration: ""
[9.721s] -- Installing: /home/basmala/ros2_ws/install/turtlesim_controller/lib/turtlesim_controller/turtle
[9.727s] -- Set non-toolchain portion of runtime path of "/home/basmala/ros2_ws/install/turtlesim_controller/lib/turtlesim_controller/turtle" to ""
[9.727s] -- Up-to-date: /home/basmala/ros2_ws/install/turtlesim_controller/share/ament_index/resource_index/package_run_dependencies/turtlesim_controller
[9.727s] -- Installing: /home/basmala/ros2_ws/install/turtlesim_controller/share/ament_index/resource_index/parent_prefix_path/turtlesim_controller
[9.728s] -- Up-to-date: /home/basmala/ros2_ws/install/turtlesim_controller/share/turtlesim_controller/environment/ament_prefix_path.sh
[9.728s] -- Up-to-date: /home/basmala/ros2_ws/install/turtlesim_controller/share/turtlesim_controller/environment/ament_prefix_path.dsv
[9.728s] -- Up-to-date: /home/basmala/ros2_ws/install/turtlesim_controller/share/turtlesim_controller/environment/path.sh
[9.729s] -- Up-to-date: /home/basmala/ros2_ws/install/turtlesim_controller/share/turtlesim_controller/environment/path.dsv
[9.729s] -- Up-to-date: /home/basmala/ros2_ws/install/turtlesim_controller/share/turtlesim_controller/local_setup.bash
[9.729s] -- Up-to-date: /home/basmala/ros2_ws/install/turtlesim_controller/share/turtlesim_controller/local_setup.sh
[9.729s] -- Up-to-date: /home/basmala/ros2_ws/install/turtlesim_controller/share/turtlesim_controller/local_setup.zsh
[9.729s] -- Up-to-date: /home/basmala/ros2_ws/install/turtlesim_controller/share/turtlesim_controller/local_setup.dsv
[9.729s] -- Installing: /home/basmala/ros2_ws/install/turtlesim_controller/share/turtlesim_controller/package.dsv
[9.729s] -- Up-to-date: /home/basmala/ros2_ws/install/turtlesim_controller/share/ament_index/resource_index/packages/turtlesim_controller
[9.729s] -- Up-to-date: /home/basmala/ros2_ws/install/turtlesim_controller/share/turtlesim_controller/cmake/turtlesim_controllerConfig.cmake
[9.729s] -- Up-to-date: /home/basmala/ros2_ws/install/turtlesim_controller/share/turtlesim_controller/cmake/turtlesim_controllerConfig-version.cmake
[9.729s] -- Installing: /home/basmala/ros2_ws/install/turtlesim_controller/share/turtlesim_controller/package.xml
[9.731s] Invoked command in '/home/basmala/ros2_ws/build/turtlesim_controller' returned '0': CMAKE_PREFIX_PATH=${CMAKE_PREFIX_PATH}:/home/basmala/ros2_ws/install/first_package_python:/opt/ros/jazzy DEBUGINFOD_URLS=https://debuginfod.ubuntu.com /usr/bin/cmake --install /home/basmala/ros2_ws/build/turtlesim_controller
