[0.014s] Invoking command in '/home/basmala/ros2_ws/build/first_package_cpp': CMAKE_PREFIX_PATH=${CMAKE_PREFIX_PATH}:/opt/ros/jazzy DEBUGINFOD_URLS=https://debuginfod.ubuntu.com /usr/bin/cmake --build /home/basmala/ros2_ws/build/first_package_cpp -- -j20 -l20
[0.124s] [ 50%] Built target pub
[0.127s] [100%] Built target sub
[0.147s] Invoked command in '/home/basmala/ros2_ws/build/first_package_cpp' returned '0': CMAKE_PREFIX_PATH=${CMAKE_PREFIX_PATH}:/opt/ros/jazzy DEBUGINFOD_URLS=https://debuginfod.ubuntu.com /usr/bin/cmake --build /home/basmala/ros2_ws/build/first_package_cpp -- -j20 -l20
[0.164s] Invoking command in '/home/basmala/ros2_ws/build/first_package_cpp': CMAKE_PREFIX_PATH=${CMAKE_PREFIX_PATH}:/opt/ros/jazzy DEBUGINFOD_URLS=https://debuginfod.ubuntu.com /usr/bin/cmake --install /home/basmala/ros2_ws/build/first_package_cpp
[0.176s] -- Install configuration: ""
[0.177s] -- Up-to-date: /home/basmala/ros2_ws/install/first_package_cpp/lib/first_package_cpp/pub
[0.177s] -- Up-to-date: /home/basmala/ros2_ws/install/first_package_cpp/share/ament_index/resource_index/package_run_dependencies/first_package_cpp
[0.177s] -- Up-to-date: /home/basmala/ros2_ws/install/first_package_cpp/share/ament_index/resource_index/parent_prefix_path/first_package_cpp
[0.177s] -- Up-to-date: /home/basmala/ros2_ws/install/first_package_cpp/share/first_package_cpp/environment/ament_prefix_path.sh
[0.178s] -- Up-to-date: /home/basmala/ros2_ws/install/first_package_cpp/share/first_package_cpp/environment/ament_prefix_path.dsv
[0.178s] -- Up-to-date: /home/basmala/ros2_ws/install/first_package_cpp/share/first_package_cpp/environment/path.sh
[0.178s] -- Up-to-date: /home/basmala/ros2_ws/install/first_package_cpp/share/first_package_cpp/environment/path.dsv
[0.178s] -- Up-to-date: /home/basmala/ros2_ws/install/first_package_cpp/share/first_package_cpp/local_setup.bash
[0.178s] -- Up-to-date: /home/basmala/ros2_ws/install/first_package_cpp/share/first_package_cpp/local_setup.sh
[0.178s] -- Up-to-date: /home/basmala/ros2_ws/install/first_package_cpp/share/first_package_cpp/local_setup.zsh
[0.179s] -- Up-to-date: /home/basmala/ros2_ws/install/first_package_cpp/share/first_package_cpp/local_setup.dsv
[0.179s] -- Installing: /home/basmala/ros2_ws/install/first_package_cpp/share/first_package_cpp/package.dsv
[0.179s] -- Up-to-date: /home/basmala/ros2_ws/install/first_package_cpp/share/ament_index/resource_index/packages/first_package_cpp
[0.179s] -- Up-to-date: /home/basmala/ros2_ws/install/first_package_cpp/share/first_package_cpp/cmake/first_package_cppConfig.cmake
[0.179s] -- Up-to-date: /home/basmala/ros2_ws/install/first_package_cpp/share/first_package_cpp/cmake/first_package_cppConfig-version.cmake
[0.179s] -- Up-to-date: /home/basmala/ros2_ws/install/first_package_cpp/share/first_package_cpp/package.xml
[0.181s] Invoked command in '/home/basmala/ros2_ws/build/first_package_cpp' returned '0': CMAKE_PREFIX_PATH=${CMAKE_PREFIX_PATH}:/opt/ros/jazzy DEBUGINFOD_URLS=https://debuginfod.ubuntu.com /usr/bin/cmake --install /home/basmala/ros2_ws/build/first_package_cpp
