[0.012s] Invoking command in '/home/basmala/ros2_ws/build/turtlesim_controller': CMAKE_PREFIX_PATH=${CMAKE_PREFIX_PATH}:/home/basmala/ros2_ws/install/first_package_python:/opt/ros/jazzy DEBUGINFOD_URLS=https://debuginfod.ubuntu.com /usr/bin/cmake --build /home/basmala/ros2_ws/build/turtlesim_controller -- -j20 -l20
[0.055s] -- Found ament_cmake: 2.5.4 (/opt/ros/jazzy/share/ament_cmake/cmake)
[0.478s] -- Found rclcpp: 28.1.12 (/opt/ros/jazzy/share/rclcpp/cmake)
[0.538s] -- Found rosidl_generator_c: 4.6.6 (/opt/ros/jazzy/share/rosidl_generator_c/cmake)
[0.549s] -- Found rosidl_generator_cpp: 4.6.6 (/opt/ros/jazzy/share/rosidl_generator_cpp/cmake)
[0.559s] -- Using all available rosidl_typesupport_c: rosidl_typesupport_fastrtps_c;rosidl_typesupport_introspection_c
[0.569s] -- Using all available rosidl_typesupport_cpp: rosidl_typesupport_fastrtps_cpp;rosidl_typesupport_introspection_cpp
[0.615s] -- Found rmw_implementation_cmake: 7.3.2 (/opt/ros/jazzy/share/rmw_implementation_cmake/cmake)
[0.618s] -- Found rmw_fastrtps_cpp: 8.4.3 (/opt/ros/jazzy/share/rmw_fastrtps_cpp/cmake)
[0.742s] -- Using RMW implementation 'rmw_fastrtps_cpp' as default
[0.842s] -- Found turtlesim: 1.8.3 (/opt/ros/jazzy/share/turtlesim/cmake)
[0.891s] -- Found geometry_msgs: 5.3.6 (/opt/ros/jazzy/share/geometry_msgs/cmake)
[0.937s] -- Found ament_lint_auto: 0.17.3 (/opt/ros/jazzy/share/ament_lint_auto/cmake)
[1.008s] -- Added test 'cppcheck' to perform static code analysis on C / C++ code
[1.008s] -- Configured cppcheck include dirs: 
[1.008s] -- Configured cppcheck exclude dirs and/or files: 
[1.009s] -- Added test 'lint_cmake' to check CMake code style
[1.009s] -- Added test 'uncrustify' to check C / C++ code style
[1.009s] -- Configured uncrustify additional arguments: 
[1.010s] -- Added test 'xmllint' to check XML markup files
[1.011s] -- Configuring done (1.0s)
[1.033s] -- Generating done (0.0s)
[1.043s] -- Build files have been written to: /home/basmala/ros2_ws/build/turtlesim_controller
[1.104s] [ 25%] [32mBuilding CXX object CMakeFiles/turtlesim_pub.dir/src/turtlesim_pub.cpp.o[0m
[1.119s] [ 75%] Built target turtlesim_sub
[4.574s] [100%] [32m[1mLinking CXX executable turtlesim_pub[0m
[4.819s] [100%] Built target turtlesim_pub
[4.836s] Invoked command in '/home/basmala/ros2_ws/build/turtlesim_controller' returned '0': CMAKE_PREFIX_PATH=${CMAKE_PREFIX_PATH}:/home/basmala/ros2_ws/install/first_package_python:/opt/ros/jazzy DEBUGINFOD_URLS=https://debuginfod.ubuntu.com /usr/bin/cmake --build /home/basmala/ros2_ws/build/turtlesim_controller -- -j20 -l20
[4.854s] Invoking command in '/home/basmala/ros2_ws/build/turtlesim_controller': CMAKE_PREFIX_PATH=${CMAKE_PREFIX_PATH}:/home/basmala/ros2_ws/install/first_package_python:/opt/ros/jazzy DEBUGINFOD_URLS=https://debuginfod.ubuntu.com /usr/bin/cmake --install /home/basmala/ros2_ws/build/turtlesim_controller
[4.867s] -- Install configuration: ""
[4.867s] -- Up-to-date: /home/basmala/ros2_ws/install/turtlesim_controller/lib/turtlesim_controller/turtlesim_sub
[4.867s] -- Installing: /home/basmala/ros2_ws/install/turtlesim_controller/lib/turtlesim_controller/turtlesim_pub
[4.869s] -- Set non-toolchain portion of runtime path of "/home/basmala/ros2_ws/install/turtlesim_controller/lib/turtlesim_controller/turtlesim_pub" to ""
[4.870s] -- Installing: /home/basmala/ros2_ws/install/turtlesim_controller/share/ament_index/resource_index/package_run_dependencies/turtlesim_controller
[4.870s] -- Up-to-date: /home/basmala/ros2_ws/install/turtlesim_controller/share/ament_index/resource_index/parent_prefix_path/turtlesim_controller
[4.870s] -- Up-to-date: /home/basmala/ros2_ws/install/turtlesim_controller/share/turtlesim_controller/environment/ament_prefix_path.sh
[4.870s] -- Up-to-date: /home/basmala/ros2_ws/install/turtlesim_controller/share/turtlesim_controller/environment/ament_prefix_path.dsv
[4.870s] -- Up-to-date: /home/basmala/ros2_ws/install/turtlesim_controller/share/turtlesim_controller/environment/path.sh
[4.871s] -- Up-to-date: /home/basmala/ros2_ws/install/turtlesim_controller/share/turtlesim_controller/environment/path.dsv
[4.871s] -- Up-to-date: /home/basmala/ros2_ws/install/turtlesim_controller/share/turtlesim_controller/local_setup.bash
[4.871s] -- Up-to-date: /home/basmala/ros2_ws/install/turtlesim_controller/share/turtlesim_controller/local_setup.sh
[4.871s] -- Up-to-date: /home/basmala/ros2_ws/install/turtlesim_controller/share/turtlesim_controller/local_setup.zsh
[4.871s] -- Up-to-date: /home/basmala/ros2_ws/install/turtlesim_controller/share/turtlesim_controller/local_setup.dsv
[4.871s] -- Installing: /home/basmala/ros2_ws/install/turtlesim_controller/share/turtlesim_controller/package.dsv
[4.871s] -- Up-to-date: /home/basmala/ros2_ws/install/turtlesim_controller/share/ament_index/resource_index/packages/turtlesim_controller
[4.871s] -- Up-to-date: /home/basmala/ros2_ws/install/turtlesim_controller/share/turtlesim_controller/cmake/turtlesim_controllerConfig.cmake
[4.871s] -- Up-to-date: /home/basmala/ros2_ws/install/turtlesim_controller/share/turtlesim_controller/cmake/turtlesim_controllerConfig-version.cmake
[4.871s] -- Installing: /home/basmala/ros2_ws/install/turtlesim_controller/share/turtlesim_controller/package.xml
[4.873s] Invoked command in '/home/basmala/ros2_ws/build/turtlesim_controller' returned '0': CMAKE_PREFIX_PATH=${CMAKE_PREFIX_PATH}:/home/basmala/ros2_ws/install/first_package_python:/opt/ros/jazzy DEBUGINFOD_URLS=https://debuginfod.ubuntu.com /usr/bin/cmake --install /home/basmala/ros2_ws/build/turtlesim_controller
