[0.014s] Invoking command in '/home/basmala/ros2_ws/build/turtlesim_controller': CMAKE_PREFIX_PATH=${CMAKE_PREFIX_PATH}:/home/basmala/ros2_ws/install/first_package_python:/opt/ros/jazzy DEBUGINFOD_URLS=https://debuginfod.ubuntu.com /usr/bin/cmake --build /home/basmala/ros2_ws/build/turtlesim_controller -- -j20 -l20
[0.058s] -- Found ament_cmake: 2.5.4 (/opt/ros/jazzy/share/ament_cmake/cmake)
[0.417s] -- Found rclcpp: 28.1.12 (/opt/ros/jazzy/share/rclcpp/cmake)
[0.462s] -- Found rosidl_generator_c: 4.6.6 (/opt/ros/jazzy/share/rosidl_generator_c/cmake)
[0.472s] -- Found rosidl_generator_cpp: 4.6.6 (/opt/ros/jazzy/share/rosidl_generator_cpp/cmake)
[0.482s] -- Using all available rosidl_typesupport_c: rosidl_typesupport_fastrtps_c;rosidl_typesupport_introspection_c
[0.492s] -- Using all available rosidl_typesupport_cpp: rosidl_typesupport_fastrtps_cpp;rosidl_typesupport_introspection_cpp
[0.542s] -- Found rmw_implementation_cmake: 7.3.2 (/opt/ros/jazzy/share/rmw_implementation_cmake/cmake)
[0.543s] -- Found rmw_fastrtps_cpp: 8.4.3 (/opt/ros/jazzy/share/rmw_fastrtps_cpp/cmake)
[0.595s] -- Using RMW implementation 'rmw_fastrtps_cpp' as default
[0.652s] -- Found turtlesim: 1.8.3 (/opt/ros/jazzy/share/turtlesim/cmake)
[0.688s] -- Found geometry_msgs: 5.3.6 (/opt/ros/jazzy/share/geometry_msgs/cmake)
[0.715s] -- Found ament_lint_auto: 0.17.3 (/opt/ros/jazzy/share/ament_lint_auto/cmake)
[0.786s] -- Added test 'cppcheck' to perform static code analysis on C / C++ code
[0.786s] -- Configured cppcheck include dirs: 
[0.786s] -- Configured cppcheck exclude dirs and/or files: 
[0.787s] -- Added test 'lint_cmake' to check CMake code style
[0.787s] -- Added test 'uncrustify' to check C / C++ code style
[0.787s] -- Configured uncrustify additional arguments: 
[0.788s] -- Added test 'xmllint' to check XML markup files
[0.788s] -- Configuring done (0.7s)
[0.813s] -- Generating done (0.0s)
[0.827s] -- Build files have been written to: /home/basmala/ros2_ws/build/turtlesim_controller
[0.892s] [ 16%] [32mBuilding CXX object CMakeFiles/smart_turtle.dir/src/smart_turtle.cpp.o[0m
[0.908s] [ 50%] Built target turtlesim_pub
[0.908s] [ 83%] Built target turtlesim_sub
[7.053s] [100%] [32m[1mLinking CXX executable smart_turtle[0m
[7.523s] [100%] Built target smart_turtle
[7.556s] Invoked command in '/home/basmala/ros2_ws/build/turtlesim_controller' returned '0': CMAKE_PREFIX_PATH=${CMAKE_PREFIX_PATH}:/home/basmala/ros2_ws/install/first_package_python:/opt/ros/jazzy DEBUGINFOD_URLS=https://debuginfod.ubuntu.com /usr/bin/cmake --build /home/basmala/ros2_ws/build/turtlesim_controller -- -j20 -l20
[7.588s] Invoking command in '/home/basmala/ros2_ws/build/turtlesim_controller': CMAKE_PREFIX_PATH=${CMAKE_PREFIX_PATH}:/home/basmala/ros2_ws/install/first_package_python:/opt/ros/jazzy DEBUGINFOD_URLS=https://debuginfod.ubuntu.com /usr/bin/cmake --install /home/basmala/ros2_ws/build/turtlesim_controller
[7.613s] -- Install configuration: ""
[7.614s] -- Up-to-date: /home/basmala/ros2_ws/install/turtlesim_controller/lib/turtlesim_controller/turtlesim_sub
[7.614s] -- Up-to-date: /home/basmala/ros2_ws/install/turtlesim_controller/lib/turtlesim_controller/turtlesim_pub
[7.615s] -- Installing: /home/basmala/ros2_ws/install/turtlesim_controller/lib/turtlesim_controller/smart_turtle
[7.626s] -- Set non-toolchain portion of runtime path of "/home/basmala/ros2_ws/install/turtlesim_controller/lib/turtlesim_controller/smart_turtle" to ""
[7.627s] -- Up-to-date: /home/basmala/ros2_ws/install/turtlesim_controller/share/ament_index/resource_index/package_run_dependencies/turtlesim_controller
[7.627s] -- Up-to-date: /home/basmala/ros2_ws/install/turtlesim_controller/share/ament_index/resource_index/parent_prefix_path/turtlesim_controller
[7.628s] -- Up-to-date: /home/basmala/ros2_ws/install/turtlesim_controller/share/turtlesim_controller/environment/ament_prefix_path.sh
[7.629s] -- Up-to-date: /home/basmala/ros2_ws/install/turtlesim_controller/share/turtlesim_controller/environment/ament_prefix_path.dsv
[7.629s] -- Up-to-date: /home/basmala/ros2_ws/install/turtlesim_controller/share/turtlesim_controller/environment/path.sh
[7.630s] -- Up-to-date: /home/basmala/ros2_ws/install/turtlesim_controller/share/turtlesim_controller/environment/path.dsv
[7.630s] -- Up-to-date: /home/basmala/ros2_ws/install/turtlesim_controller/share/turtlesim_controller/local_setup.bash
[7.630s] -- Up-to-date: /home/basmala/ros2_ws/install/turtlesim_controller/share/turtlesim_controller/local_setup.sh
[7.630s] -- Up-to-date: /home/basmala/ros2_ws/install/turtlesim_controller/share/turtlesim_controller/local_setup.zsh
[7.631s] -- Up-to-date: /home/basmala/ros2_ws/install/turtlesim_controller/share/turtlesim_controller/local_setup.dsv
[7.631s] -- Installing: /home/basmala/ros2_ws/install/turtlesim_controller/share/turtlesim_controller/package.dsv
[7.631s] -- Up-to-date: /home/basmala/ros2_ws/install/turtlesim_controller/share/ament_index/resource_index/packages/turtlesim_controller
[7.631s] -- Up-to-date: /home/basmala/ros2_ws/install/turtlesim_controller/share/turtlesim_controller/cmake/turtlesim_controllerConfig.cmake
[7.631s] -- Up-to-date: /home/basmala/ros2_ws/install/turtlesim_controller/share/turtlesim_controller/cmake/turtlesim_controllerConfig-version.cmake
[7.631s] -- Up-to-date: /home/basmala/ros2_ws/install/turtlesim_controller/share/turtlesim_controller/package.xml
[7.635s] Invoked command in '/home/basmala/ros2_ws/build/turtlesim_controller' returned '0': CMAKE_PREFIX_PATH=${CMAKE_PREFIX_PATH}:/home/basmala/ros2_ws/install/first_package_python:/opt/ros/jazzy DEBUGINFOD_URLS=https://debuginfod.ubuntu.com /usr/bin/cmake --install /home/basmala/ros2_ws/build/turtlesim_controller
