[0.020s] Invoking command in '/home/basmala/ros2_ws/build/first_package_cpp': CMAKE_PREFIX_PATH=${CMAKE_PREFIX_PATH}:/opt/ros/jazzy DEBUGINFOD_URLS=https://debuginfod.ubuntu.com /usr/bin/cmake --build /home/basmala/ros2_ws/build/first_package_cpp -- -j20 -l20
[0.075s] -- Found ament_cmake: 2.5.4 (/opt/ros/jazzy/share/ament_cmake/cmake)
[0.466s] -- Found rclcpp: 28.1.12 (/opt/ros/jazzy/share/rclcpp/cmake)
[0.512s] -- Found rosidl_generator_c: 4.6.6 (/opt/ros/jazzy/share/rosidl_generator_c/cmake)
[0.532s] -- Found rosidl_generator_cpp: 4.6.6 (/opt/ros/jazzy/share/rosidl_generator_cpp/cmake)
[0.552s] -- Using all available rosidl_typesupport_c: rosidl_typesupport_fastrtps_c;rosidl_typesupport_introspection_c
[0.572s] -- Using all available rosidl_typesupport_cpp: rosidl_typesupport_fastrtps_cpp;rosidl_typesupport_introspection_cpp
[0.642s] -- Found rmw_implementation_cmake: 7.3.2 (/opt/ros/jazzy/share/rmw_implementation_cmake/cmake)
[0.643s] -- Found rmw_fastrtps_cpp: 8.4.3 (/opt/ros/jazzy/share/rmw_fastrtps_cpp/cmake)
[0.725s] -- Using RMW implementation 'rmw_fastrtps_cpp' as default
[0.840s] -- Found std_msgs: 5.3.6 (/opt/ros/jazzy/share/std_msgs/cmake)
[0.866s] -- Found ament_lint_auto: 0.17.3 (/opt/ros/jazzy/share/ament_lint_auto/cmake)
[0.970s] -- Added test 'cppcheck' to perform static code analysis on C / C++ code
[0.970s] -- Configured cppcheck include dirs: 
[0.970s] -- Configured cppcheck exclude dirs and/or files: 
[0.970s] -- Added test 'lint_cmake' to check CMake code style
[0.971s] -- Added test 'uncrustify' to check C / C++ code style
[0.971s] -- Configured uncrustify additional arguments: 
[0.971s] -- Added test 'xmllint' to check XML markup files
[0.972s] -- Configuring done (0.9s)
[0.981s] -- Generating done (0.0s)
[0.985s] -- Build files have been written to: /home/basmala/ros2_ws/build/first_package_cpp
[1.037s] [ 25%] [32mBuilding CXX object CMakeFiles/sub.dir/src/sub.cpp.o[0m
[1.055s] [ 75%] Built target pub
[7.512s] [100%] [32m[1mLinking CXX executable sub[0m
[7.783s] [100%] Built target sub
[7.799s] Invoked command in '/home/basmala/ros2_ws/build/first_package_cpp' returned '0': CMAKE_PREFIX_PATH=${CMAKE_PREFIX_PATH}:/opt/ros/jazzy DEBUGINFOD_URLS=https://debuginfod.ubuntu.com /usr/bin/cmake --build /home/basmala/ros2_ws/build/first_package_cpp -- -j20 -l20
[7.801s] Invoking command in '/home/basmala/ros2_ws/build/first_package_cpp': CMAKE_PREFIX_PATH=${CMAKE_PREFIX_PATH}:/opt/ros/jazzy DEBUGINFOD_URLS=https://debuginfod.ubuntu.com /usr/bin/cmake --install /home/basmala/ros2_ws/build/first_package_cpp
[7.812s] -- Install configuration: ""
[7.812s] -- Up-to-date: /home/basmala/ros2_ws/install/first_package_cpp/lib/first_package_cpp/pub
[7.813s] -- Installing: /home/basmala/ros2_ws/install/first_package_cpp/lib/first_package_cpp/sub
[7.818s] -- Set non-toolchain portion of runtime path of "/home/basmala/ros2_ws/install/first_package_cpp/lib/first_package_cpp/sub" to ""
[7.818s] -- Up-to-date: /home/basmala/ros2_ws/install/first_package_cpp/share/ament_index/resource_index/package_run_dependencies/first_package_cpp
[7.818s] -- Up-to-date: /home/basmala/ros2_ws/install/first_package_cpp/share/ament_index/resource_index/parent_prefix_path/first_package_cpp
[7.818s] -- Up-to-date: /home/basmala/ros2_ws/install/first_package_cpp/share/first_package_cpp/environment/ament_prefix_path.sh
[7.818s] -- Up-to-date: /home/basmala/ros2_ws/install/first_package_cpp/share/first_package_cpp/environment/ament_prefix_path.dsv
[7.819s] -- Up-to-date: /home/basmala/ros2_ws/install/first_package_cpp/share/first_package_cpp/environment/path.sh
[7.819s] -- Up-to-date: /home/basmala/ros2_ws/install/first_package_cpp/share/first_package_cpp/environment/path.dsv
[7.819s] -- Up-to-date: /home/basmala/ros2_ws/install/first_package_cpp/share/first_package_cpp/local_setup.bash
[7.819s] -- Up-to-date: /home/basmala/ros2_ws/install/first_package_cpp/share/first_package_cpp/local_setup.sh
[7.819s] -- Up-to-date: /home/basmala/ros2_ws/install/first_package_cpp/share/first_package_cpp/local_setup.zsh
[7.819s] -- Up-to-date: /home/basmala/ros2_ws/install/first_package_cpp/share/first_package_cpp/local_setup.dsv
[7.820s] -- Installing: /home/basmala/ros2_ws/install/first_package_cpp/share/first_package_cpp/package.dsv
[7.821s] -- Up-to-date: /home/basmala/ros2_ws/install/first_package_cpp/share/ament_index/resource_index/packages/first_package_cpp
[7.821s] -- Up-to-date: /home/basmala/ros2_ws/install/first_package_cpp/share/first_package_cpp/cmake/first_package_cppConfig.cmake
[7.822s] -- Up-to-date: /home/basmala/ros2_ws/install/first_package_cpp/share/first_package_cpp/cmake/first_package_cppConfig-version.cmake
[7.822s] -- Up-to-date: /home/basmala/ros2_ws/install/first_package_cpp/share/first_package_cpp/package.xml
[7.823s] Invoked command in '/home/basmala/ros2_ws/build/first_package_cpp' returned '0': CMAKE_PREFIX_PATH=${CMAKE_PREFIX_PATH}:/opt/ros/jazzy DEBUGINFOD_URLS=https://debuginfod.ubuntu.com /usr/bin/cmake --install /home/basmala/ros2_ws/build/first_package_cpp
