running egg_info
creating ../build/first_package_python/first_package_python.egg-info
writing ../build/first_package_python/first_package_python.egg-info/PKG-INFO
writing dependency_links to ../build/first_package_python/first_package_python.egg-info/dependency_links.txt
writing entry points to ../build/first_package_python/first_package_python.egg-info/entry_points.txt
writing requirements to ../build/first_package_python/first_package_python.egg-info/requires.txt
writing top-level names to ../build/first_package_python/first_package_python.egg-info/top_level.txt
writing manifest file '../build/first_package_python/first_package_python.egg-info/SOURCES.txt'
reading manifest file '../build/first_package_python/first_package_python.egg-info/SOURCES.txt'
writing manifest file '../build/first_package_python/first_package_python.egg-info/SOURCES.txt'
running build
running build_py
creating /home/basmala/ros2_ws/build/first_package_python/build
creating /home/basmala/ros2_ws/build/first_package_python/build/lib
creating /home/basmala/ros2_ws/build/first_package_python/build/lib/first_package_python
copying first_package_python/sub.py -> /home/basmala/ros2_ws/build/first_package_python/build/lib/first_package_python
copying first_package_python/__init__.py -> /home/basmala/ros2_ws/build/first_package_python/build/lib/first_package_python
copying first_package_python/pub.py -> /home/basmala/ros2_ws/build/first_package_python/build/lib/first_package_python
running install
running install_lib
creating /home/basmala/ros2_ws/install/first_package_python/lib/python3.12/site-packages/first_package_python
copying /home/basmala/ros2_ws/build/first_package_python/build/lib/first_package_python/sub.py -> /home/basmala/ros2_ws/install/first_package_python/lib/python3.12/site-packages/first_package_python
copying /home/basmala/ros2_ws/build/first_package_python/build/lib/first_package_python/__init__.py -> /home/basmala/ros2_ws/install/first_package_python/lib/python3.12/site-packages/first_package_python
copying /home/basmala/ros2_ws/build/first_package_python/build/lib/first_package_python/pub.py -> /home/basmala/ros2_ws/install/first_package_python/lib/python3.12/site-packages/first_package_python
byte-compiling /home/basmala/ros2_ws/install/first_package_python/lib/python3.12/site-packages/first_package_python/sub.py to sub.cpython-312.pyc
byte-compiling /home/basmala/ros2_ws/install/first_package_python/lib/python3.12/site-packages/first_package_python/__init__.py to __init__.cpython-312.pyc
byte-compiling /home/basmala/ros2_ws/install/first_package_python/lib/python3.12/site-packages/first_package_python/pub.py to pub.cpython-312.pyc
running install_data
creating /home/basmala/ros2_ws/install/first_package_python/share/ament_index
creating /home/basmala/ros2_ws/install/first_package_python/share/ament_index/resource_index
creating /home/basmala/ros2_ws/install/first_package_python/share/ament_index/resource_index/packages
copying resource/first_package_python -> /home/basmala/ros2_ws/install/first_package_python/share/ament_index/resource_index/packages
copying package.xml -> /home/basmala/ros2_ws/install/first_package_python/share/first_package_python
running install_egg_info
Copying ../build/first_package_python/first_package_python.egg-info to /home/basmala/ros2_ws/install/first_package_python/lib/python3.12/site-packages/first_package_python-0.0.0-py3.12.egg-info
running install_scripts
Installing pub script to /home/basmala/ros2_ws/install/first_package_python/lib/first_package_python
Installing sub script to /home/basmala/ros2_ws/install/first_package_python/lib/first_package_python
writing list of installed files to '/home/basmala/ros2_ws/build/first_package_python/install.log'
