[1.438s] Invoking command in '/home/basmala/ros2_ws/first_package_python': DEBUGINFOD_URLS=https://debuginfod.ubuntu.com PYTHONPATH=/home/basmala/ros2_ws/build/first_package_python/prefix_override:/usr/lib/python3/dist-packages/colcon_core/task/python/colcon_distutils_commands:/home/basmala/ros2_ws/install/first_package_python/lib/python3.12/site-packages:${PYTHONPATH} /usr/bin/python3 -W ignore:setup.py install is deprecated -W ignore:easy_install command is deprecated setup.py egg_info --egg-base ../build/first_package_python build --build-base /home/basmala/ros2_ws/build/first_package_python/build install --record /home/basmala/ros2_ws/build/first_package_python/install.log --single-version-externally-managed install_data
[1.771s] running egg_info
[1.771s] creating ../build/first_package_python/first_package_python.egg-info
[1.781s] writing ../build/first_package_python/first_package_python.egg-info/PKG-INFO
[1.782s] writing dependency_links to ../build/first_package_python/first_package_python.egg-info/dependency_links.txt
[1.782s] writing entry points to ../build/first_package_python/first_package_python.egg-info/entry_points.txt
[1.782s] writing requirements to ../build/first_package_python/first_package_python.egg-info/requires.txt
[1.782s] writing top-level names to ../build/first_package_python/first_package_python.egg-info/top_level.txt
[1.782s] writing manifest file '../build/first_package_python/first_package_python.egg-info/SOURCES.txt'
[1.802s] reading manifest file '../build/first_package_python/first_package_python.egg-info/SOURCES.txt'
[1.802s] writing manifest file '../build/first_package_python/first_package_python.egg-info/SOURCES.txt'
[1.802s] running build
[1.802s] running build_py
[1.802s] creating /home/basmala/ros2_ws/build/first_package_python/build
[1.803s] creating /home/basmala/ros2_ws/build/first_package_python/build/lib
[1.803s] creating /home/basmala/ros2_ws/build/first_package_python/build/lib/first_package_python
[1.803s] copying first_package_python/sub.py -> /home/basmala/ros2_ws/build/first_package_python/build/lib/first_package_python
[1.803s] copying first_package_python/__init__.py -> /home/basmala/ros2_ws/build/first_package_python/build/lib/first_package_python
[1.803s] copying first_package_python/pub.py -> /home/basmala/ros2_ws/build/first_package_python/build/lib/first_package_python
[1.803s] running install
[1.809s] running install_lib
[1.828s] creating /home/basmala/ros2_ws/install/first_package_python/lib/python3.12/site-packages/first_package_python
[1.828s] copying /home/basmala/ros2_ws/build/first_package_python/build/lib/first_package_python/sub.py -> /home/basmala/ros2_ws/install/first_package_python/lib/python3.12/site-packages/first_package_python
[1.829s] copying /home/basmala/ros2_ws/build/first_package_python/build/lib/first_package_python/__init__.py -> /home/basmala/ros2_ws/install/first_package_python/lib/python3.12/site-packages/first_package_python
[1.829s] copying /home/basmala/ros2_ws/build/first_package_python/build/lib/first_package_python/pub.py -> /home/basmala/ros2_ws/install/first_package_python/lib/python3.12/site-packages/first_package_python
[1.829s] byte-compiling /home/basmala/ros2_ws/install/first_package_python/lib/python3.12/site-packages/first_package_python/sub.py to sub.cpython-312.pyc
[1.830s] byte-compiling /home/basmala/ros2_ws/install/first_package_python/lib/python3.12/site-packages/first_package_python/__init__.py to __init__.cpython-312.pyc
[1.831s] byte-compiling /home/basmala/ros2_ws/install/first_package_python/lib/python3.12/site-packages/first_package_python/pub.py to pub.cpython-312.pyc
[1.832s] running install_data
[1.832s] creating /home/basmala/ros2_ws/install/first_package_python/share/ament_index
[1.832s] creating /home/basmala/ros2_ws/install/first_package_python/share/ament_index/resource_index
[1.832s] creating /home/basmala/ros2_ws/install/first_package_python/share/ament_index/resource_index/packages
[1.832s] copying resource/first_package_python -> /home/basmala/ros2_ws/install/first_package_python/share/ament_index/resource_index/packages
[1.832s] copying package.xml -> /home/basmala/ros2_ws/install/first_package_python/share/first_package_python
[1.833s] running install_egg_info
[1.848s] Copying ../build/first_package_python/first_package_python.egg-info to /home/basmala/ros2_ws/install/first_package_python/lib/python3.12/site-packages/first_package_python-0.0.0-py3.12.egg-info
[1.849s] running install_scripts
[1.944s] Installing pub script to /home/basmala/ros2_ws/install/first_package_python/lib/first_package_python
[1.944s] Installing sub script to /home/basmala/ros2_ws/install/first_package_python/lib/first_package_python
[1.944s] writing list of installed files to '/home/basmala/ros2_ws/build/first_package_python/install.log'
[1.965s] Invoked command in '/home/basmala/ros2_ws/first_package_python' returned '0': DEBUGINFOD_URLS=https://debuginfod.ubuntu.com PYTHONPATH=/home/basmala/ros2_ws/build/first_package_python/prefix_override:/usr/lib/python3/dist-packages/colcon_core/task/python/colcon_distutils_commands:/home/basmala/ros2_ws/install/first_package_python/lib/python3.12/site-packages:${PYTHONPATH} /usr/bin/python3 -W ignore:setup.py install is deprecated -W ignore:easy_install command is deprecated setup.py egg_info --egg-base ../build/first_package_python build --build-base /home/basmala/ros2_ws/build/first_package_python/build install --record /home/basmala/ros2_ws/build/first_package_python/install.log --single-version-externally-managed install_data
