[0.091s] DEBUG:colcon:Command line arguments: ['/usr/bin/colcon', 'build']
[0.091s] DEBUG:colcon:Parsed command line arguments: Namespace(log_base=None, log_level=None, verb_name='build', build_base='build', install_base='install', merge_install=False, symlink_install=False, test_result_base=None, continue_on_error=False, executor='parallel', parallel_workers=20, event_handlers=None, ignore_user_meta=False, metas=['./colcon.meta'], base_paths=['.'], packages_ignore=None, packages_ignore_regex=None, paths=None, packages_up_to=None, packages_up_to_regex=None, packages_above=None, packages_above_and_dependencies=None, packages_above_depth=None, packages_select_by_dep=None, packages_skip_by_dep=None, packages_skip_up_to=None, packages_select_build_failed=False, packages_skip_build_finished=False, packages_select_test_failures=False, packages_skip_test_passed=False, packages_select=None, packages_skip=None, packages_select_regex=None, packages_skip_regex=None, packages_start=None, packages_end=None, allow_overriding=[], cmake_args=None, cmake_target=None, cmake_target_skip_unavailable=False, cmake_clean_cache=False, cmake_clean_first=False, cmake_force_configure=False, ament_cmake_args=None, catkin_cmake_args=None, catkin_skip_building_tests=False, verb_parser=<colcon_defaults.argument_parser.defaults.DefaultArgumentsDecorator object at 0x790569e4e450>, verb_extension=<colcon_core.verb.build.BuildVerb object at 0x790569f126c0>, main=<bound method BuildVerb.main of <colcon_core.verb.build.BuildVerb object at 0x790569f126c0>>)
[0.117s] Level 1:colcon.colcon_core.package_discovery:discover_packages(colcon_meta) check parameters
[0.117s] Level 1:colcon.colcon_core.package_discovery:discover_packages(recursive) check parameters
[0.117s] Level 1:colcon.colcon_core.package_discovery:discover_packages(ignore) check parameters
[0.117s] Level 1:colcon.colcon_core.package_discovery:discover_packages(path) check parameters
[0.117s] Level 1:colcon.colcon_core.package_discovery:discover_packages(colcon_meta) discover
[0.117s] Level 1:colcon.colcon_core.package_discovery:discover_packages(recursive) discover
[0.117s] INFO:colcon.colcon_core.package_discovery:Crawling recursively for packages in '/home/basmala/ros2_ws'
[0.117s] Level 1:colcon.colcon_core.package_identification:_identify(.) by extensions ['ignore', 'ignore_ament_install']
[0.117s] Level 1:colcon.colcon_core.package_identification:_identify(.) by extension 'ignore'
[0.117s] Level 1:colcon.colcon_core.package_identification:_identify(.) by extension 'ignore_ament_install'
[0.117s] Level 1:colcon.colcon_core.package_identification:_identify(.) by extensions ['colcon_pkg']
[0.117s] Level 1:colcon.colcon_core.package_identification:_identify(.) by extension 'colcon_pkg'
[0.117s] Level 1:colcon.colcon_core.package_identification:_identify(.) by extensions ['colcon_meta']
[0.117s] Level 1:colcon.colcon_core.package_identification:_identify(.) by extension 'colcon_meta'
[0.117s] Level 1:colcon.colcon_core.package_identification:_identify(.) by extensions ['ros']
[0.117s] Level 1:colcon.colcon_core.package_identification:_identify(.) by extension 'ros'
[0.134s] Level 1:colcon.colcon_core.package_identification:_identify(.) by extensions ['cmake', 'python']
[0.134s] Level 1:colcon.colcon_core.package_identification:_identify(.) by extension 'cmake'
[0.134s] Level 1:colcon.colcon_core.package_identification:_identify(.) by extension 'python'
[0.134s] Level 1:colcon.colcon_core.package_identification:_identify(.) by extensions ['python_setup_py']
[0.134s] Level 1:colcon.colcon_core.package_identification:_identify(.) by extension 'python_setup_py'
[0.135s] Level 1:colcon.colcon_core.package_identification:_identify(build) by extensions ['ignore', 'ignore_ament_install']
[0.135s] Level 1:colcon.colcon_core.package_identification:_identify(build) by extension 'ignore'
[0.135s] Level 1:colcon.colcon_core.package_identification:_identify(build) ignored
[0.135s] Level 1:colcon.colcon_core.package_identification:_identify(first_package_cpp) by extensions ['ignore', 'ignore_ament_install']
[0.135s] Level 1:colcon.colcon_core.package_identification:_identify(first_package_cpp) by extension 'ignore'
[0.135s] Level 1:colcon.colcon_core.package_identification:_identify(first_package_cpp) by extension 'ignore_ament_install'
[0.135s] Level 1:colcon.colcon_core.package_identification:_identify(first_package_cpp) by extensions ['colcon_pkg']
[0.135s] Level 1:colcon.colcon_core.package_identification:_identify(first_package_cpp) by extension 'colcon_pkg'
[0.135s] Level 1:colcon.colcon_core.package_identification:_identify(first_package_cpp) by extensions ['colcon_meta']
[0.135s] Level 1:colcon.colcon_core.package_identification:_identify(first_package_cpp) by extension 'colcon_meta'
[0.135s] Level 1:colcon.colcon_core.package_identification:_identify(first_package_cpp) by extensions ['ros']
[0.135s] Level 1:colcon.colcon_core.package_identification:_identify(first_package_cpp) by extension 'ros'
[0.138s] DEBUG:colcon.colcon_core.package_identification:Package 'first_package_cpp' with type 'ros.ament_cmake' and name 'first_package_cpp'
[0.138s] Level 1:colcon.colcon_core.package_identification:_identify(install) by extensions ['ignore', 'ignore_ament_install']
[0.138s] Level 1:colcon.colcon_core.package_identification:_identify(install) by extension 'ignore'
[0.138s] Level 1:colcon.colcon_core.package_identification:_identify(install) ignored
[0.138s] Level 1:colcon.colcon_core.package_identification:_identify(log) by extensions ['ignore', 'ignore_ament_install']
[0.138s] Level 1:colcon.colcon_core.package_identification:_identify(log) by extension 'ignore'
[0.138s] Level 1:colcon.colcon_core.package_identification:_identify(log) ignored
[0.138s] Level 1:colcon.colcon_core.package_identification:_identify(src) by extensions ['ignore', 'ignore_ament_install']
[0.138s] Level 1:colcon.colcon_core.package_identification:_identify(src) by extension 'ignore'
[0.139s] Level 1:colcon.colcon_core.package_identification:_identify(src) by extension 'ignore_ament_install'
[0.139s] Level 1:colcon.colcon_core.package_identification:_identify(src) by extensions ['colcon_pkg']
[0.139s] Level 1:colcon.colcon_core.package_identification:_identify(src) by extension 'colcon_pkg'
[0.139s] Level 1:colcon.colcon_core.package_identification:_identify(src) by extensions ['colcon_meta']
[0.139s] Level 1:colcon.colcon_core.package_identification:_identify(src) by extension 'colcon_meta'
[0.139s] Level 1:colcon.colcon_core.package_identification:_identify(src) by extensions ['ros']
[0.139s] Level 1:colcon.colcon_core.package_identification:_identify(src) by extension 'ros'
[0.139s] Level 1:colcon.colcon_core.package_identification:_identify(src) by extensions ['cmake', 'python']
[0.139s] Level 1:colcon.colcon_core.package_identification:_identify(src) by extension 'cmake'
[0.139s] Level 1:colcon.colcon_core.package_identification:_identify(src) by extension 'python'
[0.139s] Level 1:colcon.colcon_core.package_identification:_identify(src) by extensions ['python_setup_py']
[0.139s] Level 1:colcon.colcon_core.package_identification:_identify(src) by extension 'python_setup_py'
[0.139s] Level 1:colcon.colcon_core.package_identification:_identify(src/build) by extensions ['ignore', 'ignore_ament_install']
[0.139s] Level 1:colcon.colcon_core.package_identification:_identify(src/build) by extension 'ignore'
[0.139s] Level 1:colcon.colcon_core.package_identification:_identify(src/build) ignored
[0.139s] Level 1:colcon.colcon_core.package_identification:_identify(src/install) by extensions ['ignore', 'ignore_ament_install']
[0.139s] Level 1:colcon.colcon_core.package_identification:_identify(src/install) by extension 'ignore'
[0.139s] Level 1:colcon.colcon_core.package_identification:_identify(src/install) ignored
[0.139s] Level 1:colcon.colcon_core.package_identification:_identify(src/log) by extensions ['ignore', 'ignore_ament_install']
[0.139s] Level 1:colcon.colcon_core.package_identification:_identify(src/log) by extension 'ignore'
[0.139s] Level 1:colcon.colcon_core.package_identification:_identify(src/log) ignored
[0.139s] Level 1:colcon.colcon_core.package_identification:_identify(turtlesim_controller) by extensions ['ignore', 'ignore_ament_install']
[0.139s] Level 1:colcon.colcon_core.package_identification:_identify(turtlesim_controller) by extension 'ignore'
[0.139s] Level 1:colcon.colcon_core.package_identification:_identify(turtlesim_controller) by extension 'ignore_ament_install'
[0.139s] Level 1:colcon.colcon_core.package_identification:_identify(turtlesim_controller) by extensions ['colcon_pkg']
[0.139s] Level 1:colcon.colcon_core.package_identification:_identify(turtlesim_controller) by extension 'colcon_pkg'
[0.139s] Level 1:colcon.colcon_core.package_identification:_identify(turtlesim_controller) by extensions ['colcon_meta']
[0.139s] Level 1:colcon.colcon_core.package_identification:_identify(turtlesim_controller) by extension 'colcon_meta'
[0.139s] Level 1:colcon.colcon_core.package_identification:_identify(turtlesim_controller) by extensions ['ros']
[0.139s] Level 1:colcon.colcon_core.package_identification:_identify(turtlesim_controller) by extension 'ros'
[0.140s] DEBUG:colcon.colcon_core.package_identification:Package 'turtlesim_controller' with type 'ros.ament_cmake' and name 'turtlesim_controller'
[0.140s] Level 1:colcon.colcon_core.package_discovery:discover_packages(recursive) using defaults
[0.140s] Level 1:colcon.colcon_core.package_discovery:discover_packages(ignore) discover
[0.140s] Level 1:colcon.colcon_core.package_discovery:discover_packages(ignore) using defaults
[0.140s] Level 1:colcon.colcon_core.package_discovery:discover_packages(path) discover
[0.140s] Level 1:colcon.colcon_core.package_discovery:discover_packages(path) using defaults
[0.157s] Level 1:colcon.colcon_core.package_discovery:discover_packages(prefix_path) check parameters
[0.157s] Level 1:colcon.colcon_core.package_discovery:discover_packages(prefix_path) discover
[0.159s] DEBUG:colcon.colcon_installed_package_information.package_discovery:Found 2 installed packages in /home/basmala/ros2_ws/install
[0.159s] DEBUG:colcon.colcon_installed_package_information.package_discovery:Found 0 installed packages in /home/basmala/ros2_ws/src/install
[0.161s] DEBUG:colcon.colcon_installed_package_information.package_discovery:Found 285 installed packages in /opt/ros/jazzy
[0.162s] Level 1:colcon.colcon_core.package_discovery:discover_packages(prefix_path) using defaults
[0.208s] Level 5:colcon.colcon_core.verb:set package 'first_package_cpp' build argument 'cmake_args' from command line to 'None'
[0.208s] Level 5:colcon.colcon_core.verb:set package 'first_package_cpp' build argument 'cmake_target' from command line to 'None'
[0.208s] Level 5:colcon.colcon_core.verb:set package 'first_package_cpp' build argument 'cmake_target_skip_unavailable' from command line to 'False'
[0.208s] Level 5:colcon.colcon_core.verb:set package 'first_package_cpp' build argument 'cmake_clean_cache' from command line to 'False'
[0.208s] Level 5:colcon.colcon_core.verb:set package 'first_package_cpp' build argument 'cmake_clean_first' from command line to 'False'
[0.208s] Level 5:colcon.colcon_core.verb:set package 'first_package_cpp' build argument 'cmake_force_configure' from command line to 'False'
[0.208s] Level 5:colcon.colcon_core.verb:set package 'first_package_cpp' build argument 'ament_cmake_args' from command line to 'None'
[0.208s] Level 5:colcon.colcon_core.verb:set package 'first_package_cpp' build argument 'catkin_cmake_args' from command line to 'None'
[0.208s] Level 5:colcon.colcon_core.verb:set package 'first_package_cpp' build argument 'catkin_skip_building_tests' from command line to 'False'
[0.208s] DEBUG:colcon.colcon_core.verb:Building package 'first_package_cpp' with the following arguments: {'ament_cmake_args': None, 'build_base': '/home/basmala/ros2_ws/build/first_package_cpp', 'catkin_cmake_args': None, 'catkin_skip_building_tests': False, 'cmake_args': None, 'cmake_clean_cache': False, 'cmake_clean_first': False, 'cmake_force_configure': False, 'cmake_target': None, 'cmake_target_skip_unavailable': False, 'install_base': '/home/basmala/ros2_ws/install/first_package_cpp', 'merge_install': False, 'path': '/home/basmala/ros2_ws/first_package_cpp', 'symlink_install': False, 'test_result_base': None}
[0.209s] Level 5:colcon.colcon_core.verb:set package 'turtlesim_controller' build argument 'cmake_args' from command line to 'None'
[0.209s] Level 5:colcon.colcon_core.verb:set package 'turtlesim_controller' build argument 'cmake_target' from command line to 'None'
[0.209s] Level 5:colcon.colcon_core.verb:set package 'turtlesim_controller' build argument 'cmake_target_skip_unavailable' from command line to 'False'
[0.209s] Level 5:colcon.colcon_core.verb:set package 'turtlesim_controller' build argument 'cmake_clean_cache' from command line to 'False'
[0.209s] Level 5:colcon.colcon_core.verb:set package 'turtlesim_controller' build argument 'cmake_clean_first' from command line to 'False'
[0.209s] Level 5:colcon.colcon_core.verb:set package 'turtlesim_controller' build argument 'cmake_force_configure' from command line to 'False'
[0.209s] Level 5:colcon.colcon_core.verb:set package 'turtlesim_controller' build argument 'ament_cmake_args' from command line to 'None'
[0.209s] Level 5:colcon.colcon_core.verb:set package 'turtlesim_controller' build argument 'catkin_cmake_args' from command line to 'None'
[0.209s] Level 5:colcon.colcon_core.verb:set package 'turtlesim_controller' build argument 'catkin_skip_building_tests' from command line to 'False'
[0.209s] DEBUG:colcon.colcon_core.verb:Building package 'turtlesim_controller' with the following arguments: {'ament_cmake_args': None, 'build_base': '/home/basmala/ros2_ws/build/turtlesim_controller', 'catkin_cmake_args': None, 'catkin_skip_building_tests': False, 'cmake_args': None, 'cmake_clean_cache': False, 'cmake_clean_first': False, 'cmake_force_configure': False, 'cmake_target': None, 'cmake_target_skip_unavailable': False, 'install_base': '/home/basmala/ros2_ws/install/turtlesim_controller', 'merge_install': False, 'path': '/home/basmala/ros2_ws/turtlesim_controller', 'symlink_install': False, 'test_result_base': None}
[0.209s] INFO:colcon.colcon_core.executor:Executing jobs using 'parallel' executor
[0.210s] DEBUG:colcon.colcon_parallel_executor.executor.parallel:run_until_complete
[0.210s] INFO:colcon.colcon_ros.task.ament_cmake.build:Building ROS package in '/home/basmala/ros2_ws/first_package_cpp' with build type 'ament_cmake'
[0.211s] INFO:colcon.colcon_cmake.task.cmake.build:Building CMake package in '/home/basmala/ros2_ws/first_package_cpp'
[0.213s] INFO:colcon.colcon_core.plugin_system:Skipping extension 'colcon_core.shell.bat': Not used on non-Windows systems
[0.213s] INFO:colcon.colcon_core.shell:Skip shell extension 'powershell' for command environment: Not usable outside of PowerShell
[0.213s] DEBUG:colcon.colcon_core.shell:Skip shell extension 'dsv' for command environment
[0.218s] INFO:colcon.colcon_ros.task.ament_cmake.build:Building ROS package in '/home/basmala/ros2_ws/turtlesim_controller' with build type 'ament_cmake'
[0.218s] INFO:colcon.colcon_cmake.task.cmake.build:Building CMake package in '/home/basmala/ros2_ws/turtlesim_controller'
[0.219s] INFO:colcon.colcon_core.shell:Skip shell extension 'powershell' for command environment: Not usable outside of PowerShell
[0.219s] DEBUG:colcon.colcon_core.shell:Skip shell extension 'dsv' for command environment
[0.231s] DEBUG:colcon.colcon_core.event_handler.log_command:Invoking command in '/home/basmala/ros2_ws/build/first_package_cpp': CMAKE_PREFIX_PATH=${CMAKE_PREFIX_PATH}:/opt/ros/jazzy DEBUGINFOD_URLS=https://debuginfod.ubuntu.com /usr/bin/cmake --build /home/basmala/ros2_ws/build/first_package_cpp -- -j20 -l20
[0.239s] DEBUG:colcon.colcon_core.event_handler.log_command:Invoking command in '/home/basmala/ros2_ws/build/turtlesim_controller': CMAKE_PREFIX_PATH=${CMAKE_PREFIX_PATH}:/opt/ros/jazzy DEBUGINFOD_URLS=https://debuginfod.ubuntu.com /usr/bin/cmake --build /home/basmala/ros2_ws/build/turtlesim_controller -- -j20 -l20
[0.323s] DEBUG:colcon.colcon_core.event_handler.log_command:Invoked command in '/home/basmala/ros2_ws/build/turtlesim_controller' returned '0': CMAKE_PREFIX_PATH=${CMAKE_PREFIX_PATH}:/opt/ros/jazzy DEBUGINFOD_URLS=https://debuginfod.ubuntu.com /usr/bin/cmake --build /home/basmala/ros2_ws/build/turtlesim_controller -- -j20 -l20
[0.345s] DEBUG:colcon.colcon_core.event_handler.log_command:Invoking command in '/home/basmala/ros2_ws/build/turtlesim_controller': CMAKE_PREFIX_PATH=${CMAKE_PREFIX_PATH}:/opt/ros/jazzy DEBUGINFOD_URLS=https://debuginfod.ubuntu.com /usr/bin/cmake --install /home/basmala/ros2_ws/build/turtlesim_controller
[0.365s] Level 1:colcon.colcon_core.environment:create_environment_scripts_only(turtlesim_controller)
[0.366s] DEBUG:colcon.colcon_core.event_handler.log_command:Invoked command in '/home/basmala/ros2_ws/build/turtlesim_controller' returned '0': CMAKE_PREFIX_PATH=${CMAKE_PREFIX_PATH}:/opt/ros/jazzy DEBUGINFOD_URLS=https://debuginfod.ubuntu.com /usr/bin/cmake --install /home/basmala/ros2_ws/build/turtlesim_controller
[0.369s] Level 1:colcon.colcon_core.environment:checking '/home/basmala/ros2_ws/install/turtlesim_controller' for CMake module files
[0.370s] Level 1:colcon.colcon_core.environment:checking '/home/basmala/ros2_ws/install/turtlesim_controller' for CMake config files
[0.370s] Level 1:colcon.colcon_core.shell:create_environment_hook('turtlesim_controller', 'cmake_prefix_path')
[0.371s] INFO:colcon.colcon_core.shell:Creating environment hook '/home/basmala/ros2_ws/install/turtlesim_controller/share/turtlesim_controller/hook/cmake_prefix_path.ps1'
[0.372s] INFO:colcon.colcon_core.shell:Creating environment descriptor '/home/basmala/ros2_ws/install/turtlesim_controller/share/turtlesim_controller/hook/cmake_prefix_path.dsv'
[0.372s] INFO:colcon.colcon_core.shell:Creating environment hook '/home/basmala/ros2_ws/install/turtlesim_controller/share/turtlesim_controller/hook/cmake_prefix_path.sh'
[0.374s] Level 1:colcon.colcon_core.environment:checking '/home/basmala/ros2_ws/install/turtlesim_controller/bin'
[0.374s] Level 1:colcon.colcon_core.environment:checking '/home/basmala/ros2_ws/install/turtlesim_controller/lib/pkgconfig/turtlesim_controller.pc'
[0.374s] Level 1:colcon.colcon_core.environment:checking '/home/basmala/ros2_ws/install/turtlesim_controller/lib/python3.12/site-packages'
[0.375s] Level 1:colcon.colcon_core.environment:checking '/home/basmala/ros2_ws/install/turtlesim_controller/bin'
[0.375s] INFO:colcon.colcon_core.shell:Creating package script '/home/basmala/ros2_ws/install/turtlesim_controller/share/turtlesim_controller/package.ps1'
[0.376s] INFO:colcon.colcon_core.shell:Creating package descriptor '/home/basmala/ros2_ws/install/turtlesim_controller/share/turtlesim_controller/package.dsv'
[0.377s] INFO:colcon.colcon_core.shell:Creating package script '/home/basmala/ros2_ws/install/turtlesim_controller/share/turtlesim_controller/package.sh'
[0.378s] INFO:colcon.colcon_core.shell:Creating package script '/home/basmala/ros2_ws/install/turtlesim_controller/share/turtlesim_controller/package.bash'
[0.379s] INFO:colcon.colcon_core.shell:Creating package script '/home/basmala/ros2_ws/install/turtlesim_controller/share/turtlesim_controller/package.zsh'
[0.380s] Level 1:colcon.colcon_core.environment:create_file_with_runtime_dependencies(/home/basmala/ros2_ws/install/turtlesim_controller/share/colcon-core/packages/turtlesim_controller)
[0.381s] Level 1:colcon.colcon_core.environment:create_environment_scripts_only(turtlesim_controller)
[0.381s] Level 1:colcon.colcon_core.environment:checking '/home/basmala/ros2_ws/install/turtlesim_controller' for CMake module files
[0.382s] Level 1:colcon.colcon_core.environment:checking '/home/basmala/ros2_ws/install/turtlesim_controller' for CMake config files
[0.382s] Level 1:colcon.colcon_core.shell:create_environment_hook('turtlesim_controller', 'cmake_prefix_path')
[0.382s] INFO:colcon.colcon_core.shell:Creating environment hook '/home/basmala/ros2_ws/install/turtlesim_controller/share/turtlesim_controller/hook/cmake_prefix_path.ps1'
[0.383s] INFO:colcon.colcon_core.shell:Creating environment descriptor '/home/basmala/ros2_ws/install/turtlesim_controller/share/turtlesim_controller/hook/cmake_prefix_path.dsv'
[0.384s] INFO:colcon.colcon_core.shell:Creating environment hook '/home/basmala/ros2_ws/install/turtlesim_controller/share/turtlesim_controller/hook/cmake_prefix_path.sh'
[0.384s] Level 1:colcon.colcon_core.environment:checking '/home/basmala/ros2_ws/install/turtlesim_controller/bin'
[0.385s] Level 1:colcon.colcon_core.environment:checking '/home/basmala/ros2_ws/install/turtlesim_controller/lib/pkgconfig/turtlesim_controller.pc'
[0.385s] Level 1:colcon.colcon_core.environment:checking '/home/basmala/ros2_ws/install/turtlesim_controller/lib/python3.12/site-packages'
[0.386s] Level 1:colcon.colcon_core.environment:checking '/home/basmala/ros2_ws/install/turtlesim_controller/bin'
[0.386s] INFO:colcon.colcon_core.shell:Creating package script '/home/basmala/ros2_ws/install/turtlesim_controller/share/turtlesim_controller/package.ps1'
[0.387s] INFO:colcon.colcon_core.shell:Creating package descriptor '/home/basmala/ros2_ws/install/turtlesim_controller/share/turtlesim_controller/package.dsv'
[0.387s] INFO:colcon.colcon_core.shell:Creating package script '/home/basmala/ros2_ws/install/turtlesim_controller/share/turtlesim_controller/package.sh'
[0.388s] INFO:colcon.colcon_core.shell:Creating package script '/home/basmala/ros2_ws/install/turtlesim_controller/share/turtlesim_controller/package.bash'
[0.389s] INFO:colcon.colcon_core.shell:Creating package script '/home/basmala/ros2_ws/install/turtlesim_controller/share/turtlesim_controller/package.zsh'
[0.389s] Level 1:colcon.colcon_core.environment:create_file_with_runtime_dependencies(/home/basmala/ros2_ws/install/turtlesim_controller/share/colcon-core/packages/turtlesim_controller)
[8.010s] DEBUG:colcon.colcon_core.event_handler.log_command:Invoked command in '/home/basmala/ros2_ws/build/first_package_cpp' returned '0': CMAKE_PREFIX_PATH=${CMAKE_PREFIX_PATH}:/opt/ros/jazzy DEBUGINFOD_URLS=https://debuginfod.ubuntu.com /usr/bin/cmake --build /home/basmala/ros2_ws/build/first_package_cpp -- -j20 -l20
[8.012s] DEBUG:colcon.colcon_core.event_handler.log_command:Invoking command in '/home/basmala/ros2_ws/build/first_package_cpp': CMAKE_PREFIX_PATH=${CMAKE_PREFIX_PATH}:/opt/ros/jazzy DEBUGINFOD_URLS=https://debuginfod.ubuntu.com /usr/bin/cmake --install /home/basmala/ros2_ws/build/first_package_cpp
[8.032s] Level 1:colcon.colcon_core.environment:create_environment_scripts_only(first_package_cpp)
[8.033s] Level 1:colcon.colcon_core.environment:checking '/home/basmala/ros2_ws/install/first_package_cpp' for CMake module files
[8.034s] DEBUG:colcon.colcon_core.event_handler.log_command:Invoked command in '/home/basmala/ros2_ws/build/first_package_cpp' returned '0': CMAKE_PREFIX_PATH=${CMAKE_PREFIX_PATH}:/opt/ros/jazzy DEBUGINFOD_URLS=https://debuginfod.ubuntu.com /usr/bin/cmake --install /home/basmala/ros2_ws/build/first_package_cpp
[8.035s] Level 1:colcon.colcon_core.environment:checking '/home/basmala/ros2_ws/install/first_package_cpp' for CMake config files
[8.035s] Level 1:colcon.colcon_core.shell:create_environment_hook('first_package_cpp', 'cmake_prefix_path')
[8.036s] INFO:colcon.colcon_core.shell:Creating environment hook '/home/basmala/ros2_ws/install/first_package_cpp/share/first_package_cpp/hook/cmake_prefix_path.ps1'
[8.037s] INFO:colcon.colcon_core.shell:Creating environment descriptor '/home/basmala/ros2_ws/install/first_package_cpp/share/first_package_cpp/hook/cmake_prefix_path.dsv'
[8.037s] INFO:colcon.colcon_core.shell:Creating environment hook '/home/basmala/ros2_ws/install/first_package_cpp/share/first_package_cpp/hook/cmake_prefix_path.sh'
[8.039s] Level 1:colcon.colcon_core.environment:checking '/home/basmala/ros2_ws/install/first_package_cpp/lib'
[8.039s] Level 1:colcon.colcon_core.environment:checking '/home/basmala/ros2_ws/install/first_package_cpp/bin'
[8.039s] Level 1:colcon.colcon_core.environment:checking '/home/basmala/ros2_ws/install/first_package_cpp/lib/pkgconfig/first_package_cpp.pc'
[8.040s] Level 1:colcon.colcon_core.environment:checking '/home/basmala/ros2_ws/install/first_package_cpp/lib/python3.12/site-packages'
[8.040s] Level 1:colcon.colcon_core.environment:checking '/home/basmala/ros2_ws/install/first_package_cpp/bin'
[8.040s] INFO:colcon.colcon_core.shell:Creating package script '/home/basmala/ros2_ws/install/first_package_cpp/share/first_package_cpp/package.ps1'
[8.041s] INFO:colcon.colcon_core.shell:Creating package descriptor '/home/basmala/ros2_ws/install/first_package_cpp/share/first_package_cpp/package.dsv'
[8.042s] INFO:colcon.colcon_core.shell:Creating package script '/home/basmala/ros2_ws/install/first_package_cpp/share/first_package_cpp/package.sh'
[8.042s] INFO:colcon.colcon_core.shell:Creating package script '/home/basmala/ros2_ws/install/first_package_cpp/share/first_package_cpp/package.bash'
[8.043s] INFO:colcon.colcon_core.shell:Creating package script '/home/basmala/ros2_ws/install/first_package_cpp/share/first_package_cpp/package.zsh'
[8.043s] Level 1:colcon.colcon_core.environment:create_file_with_runtime_dependencies(/home/basmala/ros2_ws/install/first_package_cpp/share/colcon-core/packages/first_package_cpp)
[8.044s] Level 1:colcon.colcon_core.environment:create_environment_scripts_only(first_package_cpp)
[8.044s] Level 1:colcon.colcon_core.environment:checking '/home/basmala/ros2_ws/install/first_package_cpp' for CMake module files
[8.044s] Level 1:colcon.colcon_core.environment:checking '/home/basmala/ros2_ws/install/first_package_cpp' for CMake config files
[8.045s] Level 1:colcon.colcon_core.shell:create_environment_hook('first_package_cpp', 'cmake_prefix_path')
[8.045s] INFO:colcon.colcon_core.shell:Creating environment hook '/home/basmala/ros2_ws/install/first_package_cpp/share/first_package_cpp/hook/cmake_prefix_path.ps1'
[8.046s] INFO:colcon.colcon_core.shell:Creating environment descriptor '/home/basmala/ros2_ws/install/first_package_cpp/share/first_package_cpp/hook/cmake_prefix_path.dsv'
[8.046s] INFO:colcon.colcon_core.shell:Creating environment hook '/home/basmala/ros2_ws/install/first_package_cpp/share/first_package_cpp/hook/cmake_prefix_path.sh'
[8.047s] Level 1:colcon.colcon_core.environment:checking '/home/basmala/ros2_ws/install/first_package_cpp/lib'
[8.047s] Level 1:colcon.colcon_core.environment:checking '/home/basmala/ros2_ws/install/first_package_cpp/bin'
[8.047s] Level 1:colcon.colcon_core.environment:checking '/home/basmala/ros2_ws/install/first_package_cpp/lib/pkgconfig/first_package_cpp.pc'
[8.047s] Level 1:colcon.colcon_core.environment:checking '/home/basmala/ros2_ws/install/first_package_cpp/lib/python3.12/site-packages'
[8.048s] Level 1:colcon.colcon_core.environment:checking '/home/basmala/ros2_ws/install/first_package_cpp/bin'
[8.048s] INFO:colcon.colcon_core.shell:Creating package script '/home/basmala/ros2_ws/install/first_package_cpp/share/first_package_cpp/package.ps1'
[8.049s] INFO:colcon.colcon_core.shell:Creating package descriptor '/home/basmala/ros2_ws/install/first_package_cpp/share/first_package_cpp/package.dsv'
[8.050s] INFO:colcon.colcon_core.shell:Creating package script '/home/basmala/ros2_ws/install/first_package_cpp/share/first_package_cpp/package.sh'
[8.050s] INFO:colcon.colcon_core.shell:Creating package script '/home/basmala/ros2_ws/install/first_package_cpp/share/first_package_cpp/package.bash'
[8.051s] INFO:colcon.colcon_core.shell:Creating package script '/home/basmala/ros2_ws/install/first_package_cpp/share/first_package_cpp/package.zsh'
[8.051s] Level 1:colcon.colcon_core.environment:create_file_with_runtime_dependencies(/home/basmala/ros2_ws/install/first_package_cpp/share/colcon-core/packages/first_package_cpp)
[8.052s] DEBUG:colcon.colcon_parallel_executor.executor.parallel:closing loop
[8.053s] DEBUG:colcon.colcon_parallel_executor.executor.parallel:loop closed
[8.053s] DEBUG:colcon.colcon_parallel_executor.executor.parallel:run_until_complete finished with '0'
[8.053s] DEBUG:colcon.colcon_core.event_reactor:joining thread
[8.063s] INFO:colcon.colcon_core.plugin_system:Skipping extension 'colcon_notification.desktop_notification.terminal_notifier': Not used on non-Darwin systems
[8.063s] INFO:colcon.colcon_core.plugin_system:Skipping extension 'colcon_notification.desktop_notification.win32': Not used on non-Windows systems
[8.063s] INFO:colcon.colcon_notification.desktop_notification:Sending desktop notification using 'notify2'
[8.091s] DEBUG:colcon.colcon_core.event_reactor:joined thread
[8.092s] INFO:colcon.colcon_core.shell:Creating prefix script '/home/basmala/ros2_ws/install/local_setup.ps1'
[8.094s] INFO:colcon.colcon_core.shell:Creating prefix util module '/home/basmala/ros2_ws/install/_local_setup_util_ps1.py'
[8.097s] INFO:colcon.colcon_core.shell:Creating prefix chain script '/home/basmala/ros2_ws/install/setup.ps1'
[8.099s] INFO:colcon.colcon_core.shell:Creating prefix script '/home/basmala/ros2_ws/install/local_setup.sh'
[8.100s] INFO:colcon.colcon_core.shell:Creating prefix util module '/home/basmala/ros2_ws/install/_local_setup_util_sh.py'
[8.102s] INFO:colcon.colcon_core.shell:Creating prefix chain script '/home/basmala/ros2_ws/install/setup.sh'
[8.104s] INFO:colcon.colcon_core.shell:Creating prefix script '/home/basmala/ros2_ws/install/local_setup.bash'
[8.105s] INFO:colcon.colcon_core.shell:Creating prefix chain script '/home/basmala/ros2_ws/install/setup.bash'
[8.107s] INFO:colcon.colcon_core.shell:Creating prefix script '/home/basmala/ros2_ws/install/local_setup.zsh'
[8.109s] INFO:colcon.colcon_core.shell:Creating prefix chain script '/home/basmala/ros2_ws/install/setup.zsh'
