running egg_info
writing ../build/first_package_python/first_package_python.egg-info/PKG-INFO
writing dependency_links to ../build/first_package_python/first_package_python.egg-info/dependency_links.txt
writing entry points to ../build/first_package_python/first_package_python.egg-info/entry_points.txt
writing requirements to ../build/first_package_python/first_package_python.egg-info/requires.txt
writing top-level names to ../build/first_package_python/first_package_python.egg-info/top_level.txt
reading manifest file '../build/first_package_python/first_package_python.egg-info/SOURCES.txt'
writing manifest file '../build/first_package_python/first_package_python.egg-info/SOURCES.txt'
running build
running build_py
running install
running install_lib
running install_data
running install_egg_info
removing '/home/basmala/ros2_ws/install/first_package_python/lib/python3.12/site-packages/first_package_python-0.0.0-py3.12.egg-info' (and everything under it)
Copying ../build/first_package_python/first_package_python.egg-info to /home/basmala/ros2_ws/install/first_package_python/lib/python3.12/site-packages/first_package_python-0.0.0-py3.12.egg-info
running install_scripts
Installing pub script to /home/basmala/ros2_ws/install/first_package_python/lib/first_package_python
Installing sub script to /home/basmala/ros2_ws/install/first_package_python/lib/first_package_python
writing list of installed files to '/home/basmala/ros2_ws/build/first_package_python/install.log'
