[0.012s] Invoking command in '/home/basmala/ros2_ws/build/first_package_cpp': CMAKE_PREFIX_PATH=${CMAKE_PREFIX_PATH}:/opt/ros/jazzy DEBUGINFOD_URLS=https://debuginfod.ubuntu.com /usr/bin/cmake --build /home/basmala/ros2_ws/build/first_package_cpp -- -j20 -l20
[0.050s] -- Found ament_cmake: 2.5.4 (/opt/ros/jazzy/share/ament_cmake/cmake)
[0.419s] -- Found rclcpp: 28.1.12 (/opt/ros/jazzy/share/rclcpp/cmake)
[0.472s] -- Found rosidl_generator_c: 4.6.6 (/opt/ros/jazzy/share/rosidl_generator_c/cmake)
[0.486s] -- Found rosidl_generator_cpp: 4.6.6 (/opt/ros/jazzy/share/rosidl_generator_cpp/cmake)
[0.500s] -- Using all available rosidl_typesupport_c: rosidl_typesupport_fastrtps_c;rosidl_typesupport_introspection_c
[0.514s] -- Using all available rosidl_typesupport_cpp: rosidl_typesupport_fastrtps_cpp;rosidl_typesupport_introspection_cpp
[0.641s] -- Found rmw_implementation_cmake: 7.3.2 (/opt/ros/jazzy/share/rmw_implementation_cmake/cmake)
[0.643s] -- Found rmw_fastrtps_cpp: 8.4.3 (/opt/ros/jazzy/share/rmw_fastrtps_cpp/cmake)
[0.775s] -- Using RMW implementation 'rmw_fastrtps_cpp' as default
[0.860s] -- Found std_msgs: 5.3.6 (/opt/ros/jazzy/share/std_msgs/cmake)
[0.870s] -- Found ament_lint_auto: 0.17.3 (/opt/ros/jazzy/share/ament_lint_auto/cmake)
[0.957s] -- Added test 'cppcheck' to perform static code analysis on C / C++ code
[0.957s] -- Configured cppcheck include dirs: 
[0.957s] -- Configured cppcheck exclude dirs and/or files: 
[0.958s] -- Added test 'lint_cmake' to check CMake code style
[0.958s] -- Added test 'uncrustify' to check C / C++ code style
[0.958s] -- Configured uncrustify additional arguments: 
[0.958s] -- Added test 'xmllint' to check XML markup files
[0.959s] -- Configuring done (0.9s)
[0.977s] -- Generating done (0.0s)
[0.984s] -- Build files have been written to: /home/basmala/ros2_ws/build/first_package_cpp
[1.066s] [ 50%] Built target sub
[1.068s] [100%] Built target pub
[1.089s] Invoked command in '/home/basmala/ros2_ws/build/first_package_cpp' returned '0': CMAKE_PREFIX_PATH=${CMAKE_PREFIX_PATH}:/opt/ros/jazzy DEBUGINFOD_URLS=https://debuginfod.ubuntu.com /usr/bin/cmake --build /home/basmala/ros2_ws/build/first_package_cpp -- -j20 -l20
[1.091s] Invoking command in '/home/basmala/ros2_ws/build/first_package_cpp': CMAKE_PREFIX_PATH=${CMAKE_PREFIX_PATH}:/opt/ros/jazzy DEBUGINFOD_URLS=https://debuginfod.ubuntu.com /usr/bin/cmake --install /home/basmala/ros2_ws/build/first_package_cpp
[1.103s] -- Install configuration: ""
[1.103s] -- Up-to-date: /home/basmala/ros2_ws/install/first_package_cpp/lib/first_package_cpp/pub
[1.103s] -- Up-to-date: /home/basmala/ros2_ws/install/first_package_cpp/share/ament_index/resource_index/package_run_dependencies/first_package_cpp
[1.104s] -- Installing: /home/basmala/ros2_ws/install/first_package_cpp/share/ament_index/resource_index/parent_prefix_path/first_package_cpp
[1.104s] -- Up-to-date: /home/basmala/ros2_ws/install/first_package_cpp/share/first_package_cpp/environment/ament_prefix_path.sh
[1.104s] -- Up-to-date: /home/basmala/ros2_ws/install/first_package_cpp/share/first_package_cpp/environment/ament_prefix_path.dsv
[1.104s] -- Up-to-date: /home/basmala/ros2_ws/install/first_package_cpp/share/first_package_cpp/environment/path.sh
[1.104s] -- Up-to-date: /home/basmala/ros2_ws/install/first_package_cpp/share/first_package_cpp/environment/path.dsv
[1.104s] -- Up-to-date: /home/basmala/ros2_ws/install/first_package_cpp/share/first_package_cpp/local_setup.bash
[1.104s] -- Up-to-date: /home/basmala/ros2_ws/install/first_package_cpp/share/first_package_cpp/local_setup.sh
[1.104s] -- Up-to-date: /home/basmala/ros2_ws/install/first_package_cpp/share/first_package_cpp/local_setup.zsh
[1.105s] -- Up-to-date: /home/basmala/ros2_ws/install/first_package_cpp/share/first_package_cpp/local_setup.dsv
[1.105s] -- Installing: /home/basmala/ros2_ws/install/first_package_cpp/share/first_package_cpp/package.dsv
[1.105s] -- Up-to-date: /home/basmala/ros2_ws/install/first_package_cpp/share/ament_index/resource_index/packages/first_package_cpp
[1.105s] -- Up-to-date: /home/basmala/ros2_ws/install/first_package_cpp/share/first_package_cpp/cmake/first_package_cppConfig.cmake
[1.105s] -- Up-to-date: /home/basmala/ros2_ws/install/first_package_cpp/share/first_package_cpp/cmake/first_package_cppConfig-version.cmake
[1.105s] -- Up-to-date: /home/basmala/ros2_ws/install/first_package_cpp/share/first_package_cpp/package.xml
[1.107s] Invoked command in '/home/basmala/ros2_ws/build/first_package_cpp' returned '0': CMAKE_PREFIX_PATH=${CMAKE_PREFIX_PATH}:/opt/ros/jazzy DEBUGINFOD_URLS=https://debuginfod.ubuntu.com /usr/bin/cmake --install /home/basmala/ros2_ws/build/first_package_cpp
