[ 50%] [32mBuilding CXX object CMakeFiles/talker.dir/src/pub_sub.cpp.o[0m
[100%] [32m[1mLinking CXX executable talker[0m
[100%] Built target talker
-- Install configuration: ""
-- Installing: /home/basmala/ros2_ws/install/first_package_cpp/lib/first_package_cpp/talker
-- Set non-toolchain portion of runtime path of "/home/basmala/ros2_ws/install/first_package_cpp/lib/first_package_cpp/talker" to ""
-- Up-to-date: /home/basmala/ros2_ws/install/first_package_cpp/share/ament_index/resource_index/package_run_dependencies/first_package_cpp
-- Up-to-date: /home/basmala/ros2_ws/install/first_package_cpp/share/ament_index/resource_index/parent_prefix_path/first_package_cpp
-- Up-to-date: /home/basmala/ros2_ws/install/first_package_cpp/share/first_package_cpp/environment/ament_prefix_path.sh
-- Up-to-date: /home/basmala/ros2_ws/install/first_package_cpp/share/first_package_cpp/environment/ament_prefix_path.dsv
-- Up-to-date: /home/basmala/ros2_ws/install/first_package_cpp/share/first_package_cpp/environment/path.sh
-- Up-to-date: /home/basmala/ros2_ws/install/first_package_cpp/share/first_package_cpp/environment/path.dsv
-- Up-to-date: /home/basmala/ros2_ws/install/first_package_cpp/share/first_package_cpp/local_setup.bash
-- Up-to-date: /home/basmala/ros2_ws/install/first_package_cpp/share/first_package_cpp/local_setup.sh
-- Up-to-date: /home/basmala/ros2_ws/install/first_package_cpp/share/first_package_cpp/local_setup.zsh
-- Up-to-date: /home/basmala/ros2_ws/install/first_package_cpp/share/first_package_cpp/local_setup.dsv
-- Installing: /home/basmala/ros2_ws/install/first_package_cpp/share/first_package_cpp/package.dsv
-- Up-to-date: /home/basmala/ros2_ws/install/first_package_cpp/share/ament_index/resource_index/packages/first_package_cpp
-- Up-to-date: /home/basmala/ros2_ws/install/first_package_cpp/share/first_package_cpp/cmake/first_package_cppConfig.cmake
-- Up-to-date: /home/basmala/ros2_ws/install/first_package_cpp/share/first_package_cpp/cmake/first_package_cppConfig-version.cmake
-- Up-to-date: /home/basmala/ros2_ws/install/first_package_cpp/share/first_package_cpp/package.xml
